<?xml version="1.0" encoding="UTF-8"?>
<testng-results skipped="0" failed="0" ignored="0" total="1" passed="1">
  <reporter-output>
  </reporter-output>
  <suite name="Failed suite [Default suite]" duration-ms="74146" started-at="2019-08-04T08:22:39Z" finished-at="2019-08-04T08:23:54Z">
    <groups>
    </groups>
    <test name="Default test(failed)" duration-ms="74146" started-at="2019-08-04T08:22:39Z" finished-at="2019-08-04T08:23:54Z">
      <class name="scripts.AnnaUnivTest">
        <test-method status="PASS" signature="launchBrowser()[pri:0, instance:scripts.AnnaUnivTest@5d5eef3d]" name="launchBrowser" is-config="true" duration-ms="43910" started-at="2019-08-04T08:22:39Z" finished-at="2019-08-04T08:23:23Z">
          <reporter-output>
          </reporter-output>
        </test-method> <!-- launchBrowser -->
        <test-method status="PASS" signature="test()[pri:0, instance:scripts.AnnaUnivTest@5d5eef3d]" name="test" duration-ms="29605" started-at="2019-08-04T08:23:23Z" finished-at="2019-08-04T08:23:53Z">
          <reporter-output>
          </reporter-output>
        </test-method> <!-- test -->
        <test-method status="PASS" signature="exitBrowser()[pri:0, instance:scripts.AnnaUnivTest@5d5eef3d]" name="exitBrowser" is-config="true" duration-ms="599" started-at="2019-08-04T08:23:53Z" finished-at="2019-08-04T08:23:54Z">
          <reporter-output>
          </reporter-output>
        </test-method> <!-- exitBrowser -->
      </class> <!-- scripts.AnnaUnivTest -->
    </test> <!-- Default test(failed) -->
  </suite> <!-- Failed suite [Default suite] -->
</testng-results>
