<?xml version="1.0" encoding="UTF-8"?>
<testng-results skipped="0" failed="0" ignored="0" total="1" passed="1">
  <reporter-output>
  </reporter-output>
  <suite name="Default suite" duration-ms="16007" started-at="2019-07-13T09:34:56Z" finished-at="2019-07-13T09:35:12Z">
    <groups>
    </groups>
    <test name="Default test" duration-ms="16007" started-at="2019-07-13T09:34:56Z" finished-at="2019-07-13T09:35:12Z">
      <class name="scripts.PrintGoogleLinkName">
        <test-method status="PASS" signature="beforeMethod()[pri:0, instance:scripts.PrintGoogleLinkName@215be6bb]" name="beforeMethod" is-config="true" duration-ms="6092" started-at="2019-07-13T09:34:56Z" finished-at="2019-07-13T09:35:02Z">
          <reporter-output>
          </reporter-output>
        </test-method> <!-- beforeMethod -->
        <test-method status="PASS" signature="testgooglelink()[pri:0, instance:scripts.PrintGoogleLinkName@215be6bb]" name="testgooglelink" duration-ms="9139" started-at="2019-07-13T09:35:02Z" finished-at="2019-07-13T09:35:11Z">
          <reporter-output>
          </reporter-output>
        </test-method> <!-- testgooglelink -->
        <test-method status="PASS" signature="afterMethod()[pri:0, instance:scripts.PrintGoogleLinkName@215be6bb]" name="afterMethod" is-config="true" duration-ms="736" started-at="2019-07-13T09:35:11Z" finished-at="2019-07-13T09:35:12Z">
          <reporter-output>
          </reporter-output>
        </test-method> <!-- afterMethod -->
      </class> <!-- scripts.PrintGoogleLinkName -->
    </test> <!-- Default test -->
  </suite> <!-- Default suite -->
</testng-results>
